2025-06-02 15:09:41,956 - INFO - Starting scrape for query: company | Max results: 25
2025-06-02 15:09:41,956 - INFO - Initializing headless Chrome WebDriver
2025-06-02 15:10:15,791 - WARNING - Retrying (Retry(total=2, connect=None, read=None, redirect=None, status=None)) after connection broken by 'NewConnectionError('<urllib3.connection.HTTPConnection object at 0x000001D9196484A0>: Failed to establish a new connection: [WinError 10061] No connection could be made because the target machine actively refused it')': /session/4258e43804d0c7324d9ef41b62f63546/element
2025-06-02 15:10:19,878 - WARNING - Retrying (Retry(total=1, connect=None, read=None, redirect=None, status=None)) after connection broken by 'NewConnectionError('<urllib3.connection.HTTPConnection object at 0x000001D900EF0C20>: Failed to establish a new connection: [WinError 10061] No connection could be made because the target machine actively refused it')': /session/4258e43804d0c7324d9ef41b62f63546/element
2025-06-02 15:10:23,917 - WARNING - Retrying (Retry(total=0, connect=None, read=None, redirect=None, status=None)) after connection broken by 'NewConnectionError('<urllib3.connection.HTTPConnection object at 0x000001D9012ECB90>: Failed to establish a new connection: [WinError 10061] No connection could be made because the target machine actively refused it')': /session/4258e43804d0c7324d9ef41b62f63546/element
2025-06-02 15:10:31,973 - WARNING - Retrying (Retry(total=2, connect=None, read=None, redirect=None, status=None)) after connection broken by 'NewConnectionError('<urllib3.connection.HTTPConnection object at 0x000001D900FFE600>: Failed to establish a new connection: [WinError 10061] No connection could be made because the target machine actively refused it')': /session/4258e43804d0c7324d9ef41b62f63546/element
2025-06-02 15:10:36,036 - WARNING - Retrying (Retry(total=1, connect=None, read=None, redirect=None, status=None)) after connection broken by 'NewConnectionError('<urllib3.connection.HTTPConnection object at 0x000001D900FFE450>: Failed to establish a new connection: [WinError 10061] No connection could be made because the target machine actively refused it')': /session/4258e43804d0c7324d9ef41b62f63546/element
2025-06-02 15:10:40,102 - WARNING - Retrying (Retry(total=0, connect=None, read=None, redirect=None, status=None)) after connection broken by 'NewConnectionError('<urllib3.connection.HTTPConnection object at 0x000001D918783320>: Failed to establish a new connection: [WinError 10061] No connection could be made because the target machine actively refused it')': /session/4258e43804d0c7324d9ef41b62f63546/element
2025-06-02 15:10:48,255 - WARNING - Retrying (Retry(total=2, connect=None, read=None, redirect=None, status=None)) after connection broken by 'NewConnectionError('<urllib3.connection.HTTPConnection object at 0x000001D91972F5C0>: Failed to establish a new connection: [WinError 10061] No connection could be made because the target machine actively refused it')': /session/4258e43804d0c7324d9ef41b62f63546/element
2025-06-02 15:10:52,349 - WARNING - Retrying (Retry(total=1, connect=None, read=None, redirect=None, status=None)) after connection broken by 'NewConnectionError('<urllib3.connection.HTTPConnection object at 0x000001D91972F830>: Failed to establish a new connection: [WinError 10061] No connection could be made because the target machine actively refused it')': /session/4258e43804d0c7324d9ef41b62f63546/element
2025-06-02 15:10:56,391 - WARNING - Retrying (Retry(total=0, connect=None, read=None, redirect=None, status=None)) after connection broken by 'NewConnectionError('<urllib3.connection.HTTPConnection object at 0x000001D918781760>: Failed to establish a new connection: [WinError 10061] No connection could be made because the target machine actively refused it')': /session/4258e43804d0c7324d9ef41b62f63546/element
2025-06-02 15:11:04,490 - WARNING - Retrying (Retry(total=2, connect=None, read=None, redirect=None, status=None)) after connection broken by 'NewConnectionError('<urllib3.connection.HTTPConnection object at 0x000001D900FFE450>: Failed to establish a new connection: [WinError 10061] No connection could be made because the target machine actively refused it')': /session/4258e43804d0c7324d9ef41b62f63546/window
2025-06-02 15:11:08,567 - WARNING - Retrying (Retry(total=1, connect=None, read=None, redirect=None, status=None)) after connection broken by 'NewConnectionError('<urllib3.connection.HTTPConnection object at 0x000001D900FFEBD0>: Failed to establish a new connection: [WinError 10061] No connection could be made because the target machine actively refused it')': /session/4258e43804d0c7324d9ef41b62f63546/window
2025-06-02 15:11:12,620 - WARNING - Retrying (Retry(total=0, connect=None, read=None, redirect=None, status=None)) after connection broken by 'NewConnectionError('<urllib3.connection.HTTPConnection object at 0x000001D9187C95E0>: Failed to establish a new connection: [WinError 10061] No connection could be made because the target machine actively refused it')': /session/4258e43804d0c7324d9ef41b62f63546/window
2025-06-02 15:11:16,667 - ERROR - Error on index 2: HTTPConnectionPool(host='localhost', port=51710): Max retries exceeded with url: /session/4258e43804d0c7324d9ef41b62f63546/window (Caused by NewConnectionError('<urllib3.connection.HTTPConnection object at 0x000001D9188FA780>: Failed to establish a new connection: [WinError 10061] No connection could be made because the target machine actively refused it'))
2025-06-02 15:11:20,761 - WARNING - Retrying (Retry(total=2, connect=None, read=None, redirect=None, status=None)) after connection broken by 'NewConnectionError('<urllib3.connection.HTTPConnection object at 0x000001D900C42F00>: Failed to establish a new connection: [WinError 10061] No connection could be made because the target machine actively refused it')': /session/4258e43804d0c7324d9ef41b62f63546/window/handles
2025-06-02 15:11:55,124 - INFO - Starting scrape for query: company | Max results: 25
2025-06-02 15:11:55,128 - INFO - Initializing headless Chrome WebDriver
2025-06-02 15:15:11,878 - INFO - Scrapping done
2025-06-02 15:20:13,121 - INFO - Starting scrape for query: company | Max results: 25
2025-06-02 15:20:13,122 - INFO - Initializing headless Chrome WebDriver
2025-06-02 15:23:27,324 - INFO - Scrapping done
